Performing C SOURCE FILE Test CMAKE_HAVE_LIBC_PTHREAD failed with the following output:
Change Dir: /home/fawlty/temp_dev/OpenColorIO-2/_build/ext/build/openexr/src/ilmbase_install-build/CMakeFiles/CMakeTmp

Run Build Command(s):/usr/bin/ninja cmTC_52901 && [1/2] Building C object CMakeFiles/cmTC_52901.dir/src.c.o
[2/2] Linking C executable cmTC_52901
FAILED: cmTC_52901 
: && /usr/local/bin/clang -DCMAKE_HAVE_LIBC_PTHREAD   CMakeFiles/cmTC_52901.dir/src.c.o  -o cmTC_52901   && :
/usr/bin/ld: CMakeFiles/cmTC_52901.dir/src.c.o: in function `main':
src.c:(.text+0x35): undefined reference to `pthread_create'
/usr/bin/ld: src.c:(.text+0x41): undefined reference to `pthread_detach'
/usr/bin/ld: src.c:(.text+0x4d): undefined reference to `pthread_cancel'
/usr/bin/ld: src.c:(.text+0x5f): undefined reference to `pthread_join'
clang-11: error: linker command failed with exit code 1 (use -v to see invocation)
ninja: build stopped: subcommand failed.


Source file was:
#include <pthread.h>

void* test_func(void* data)
{
  return data;
}

int main(void)
{
  pthread_t thread;
  pthread_create(&thread, NULL, test_func, NULL);
  pthread_detach(thread);
  pthread_cancel(thread);
  pthread_join(thread, NULL);
  pthread_atfork(NULL, NULL, NULL);
  pthread_exit(NULL);

  return 0;
}

